<?xml version="1.0" encoding="UTF-8"?>
<!-- Generated by org.testng.reporters.JUnitXMLReporter -->
<testsuite hostname="LAPTOP-2OESOLRI" name="Test" tests="1" failures="0" timestamp="19 Jul 2021 09:33:51 GMT" time="0.042" errors="0">
  <testcase name="@BeforeClass setup" time="0.0" classname="com.inetBanking.testCase.TC_AddCustomerTest_003">
    <failure type="org.testng.TestNGException" message="
Parameter &amp;apos;browser&amp;apos; is required by @Configuration on method setup but has not been marked @Optional or defined
in C:\Users\NARESH KUMAR\inetBankingV1\Regrrsiontestng.xml">
      <![CDATA[org.testng.TestNGException: 
Parameter 'browser' is required by @Configuration on method setup but has not been marked @Optional or defined
in C:\Users\NARESH KUMAR\inetBankingV1\Regrrsiontestng.xml
... Removed 21 stack frames]]>
    </failure>
  </testcase> <!-- @BeforeClass setup -->
  <testcase name="@AfterClass tearDown" time="0.0" classname="com.inetBanking.testCase.TC_AddCustomerTest_003">
    <skipped/>
  </testcase> <!-- @AfterClass tearDown -->
  <testcase name="addNewCustomer" time="0.0" classname="com.inetBanking.testCase.TC_AddCustomerTest_003">
    <skipped/>
  </testcase> <!-- addNewCustomer -->
</testsuite> <!-- Test -->
